d:\dosyalar\yazilim\cpp\dungeonwarrior\dungeonwarrior\raylibengine\x64\debug\vc143.pdb
d:\dosyalar\yazilim\cpp\dungeonwarrior\dungeonwarrior\raylibengine\x64\debug\vc143.idb
d:\dosyalar\yazilim\cpp\dungeonwarrior\dungeonwarrior\raylibengine\x64\debug\uihandler.obj
d:\dosyalar\yazilim\cpp\dungeonwarrior\dungeonwarrior\raylibengine\x64\debug\main.obj
d:\dosyalar\yazilim\cpp\dungeonwarrior\dungeonwarrior\raylibengine\x64\debug\createwındowexample.obj
d:\dosyalar\yazilim\cpp\dungeonwarrior\dungeonwarrior\raylibengine\x64\debug\combat.obj
d:\dosyalar\yazilim\cpp\dungeonwarrior\dungeonwarrior\raylibengine\x64\debug\statemachine.obj
d:\dosyalar\yazilim\cpp\dungeonwarrior\dungeonwarrior\raylibengine\x64\debug\maphandler.obj
d:\dosyalar\yazilim\cpp\dungeonwarrior\dungeonwarrior\x64\debug\raylibengine.exe
d:\dosyalar\yazilim\cpp\dungeonwarrior\dungeonwarrior\x64\debug\raylibengine.pdb
d:\dosyalar\yazilim\cpp\dungeonwarrior\dungeonwarrior\raylibengine\x64\debug\raylibengine.ilk
d:\dosyalar\yazilim\cpp\dungeonwarrior\dungeonwarrior\raylibengine\x64\debug\main.obj.enc
d:\dosyalar\yazilim\cpp\dungeonwarrior\dungeonwarrior\raylibengine\x64\debug\raylibengine.tlog\cl.command.1.tlog
d:\dosyalar\yazilim\cpp\dungeonwarrior\dungeonwarrior\raylibengine\x64\debug\raylibengine.tlog\cl.items.tlog
d:\dosyalar\yazilim\cpp\dungeonwarrior\dungeonwarrior\raylibengine\x64\debug\raylibengine.tlog\cl.read.1.tlog
d:\dosyalar\yazilim\cpp\dungeonwarrior\dungeonwarrior\raylibengine\x64\debug\raylibengine.tlog\cl.write.1.tlog
d:\dosyalar\yazilim\cpp\dungeonwarrior\dungeonwarrior\raylibengine\x64\debug\raylibengine.tlog\link.30784-cvtres.read.1.tlog
d:\dosyalar\yazilim\cpp\dungeonwarrior\dungeonwarrior\raylibengine\x64\debug\raylibengine.tlog\link.30784-cvtres.write.1.tlog
d:\dosyalar\yazilim\cpp\dungeonwarrior\dungeonwarrior\raylibengine\x64\debug\raylibengine.tlog\link.30784-rc.read.1.tlog
d:\dosyalar\yazilim\cpp\dungeonwarrior\dungeonwarrior\raylibengine\x64\debug\raylibengine.tlog\link.30784-rc.write.1.tlog
d:\dosyalar\yazilim\cpp\dungeonwarrior\dungeonwarrior\raylibengine\x64\debug\raylibengine.tlog\link.30784.read.1.tlog
d:\dosyalar\yazilim\cpp\dungeonwarrior\dungeonwarrior\raylibengine\x64\debug\raylibengine.tlog\link.30784.read.2.tlog
d:\dosyalar\yazilim\cpp\dungeonwarrior\dungeonwarrior\raylibengine\x64\debug\raylibengine.tlog\link.30784.write.1.tlog
d:\dosyalar\yazilim\cpp\dungeonwarrior\dungeonwarrior\raylibengine\x64\debug\raylibengine.tlog\link.command.1.tlog
d:\dosyalar\yazilim\cpp\dungeonwarrior\dungeonwarrior\raylibengine\x64\debug\raylibengine.tlog\link.read.1.tlog
d:\dosyalar\yazilim\cpp\dungeonwarrior\dungeonwarrior\raylibengine\x64\debug\raylibengine.tlog\link.secondary.1.tlog
d:\dosyalar\yazilim\cpp\dungeonwarrior\dungeonwarrior\raylibengine\x64\debug\raylibengine.tlog\link.write.1.tlog
